2017-05-09 15:12:31,245 INFO [org.springframework.context.support.ClassPathXmlApplicationContext] - Refreshing org.springframework.context.support.ClassPathXmlApplicationContext@1c655221: startup date [Tue May 09 15:12:31 CST 2017]; root of context hierarchy
2017-05-09 15:12:31,291 INFO [org.springframework.beans.factory.xml.XmlBeanDefinitionReader] - Loading XML bean definitions from file [E:\eclipse_workspace\simplework\myspring\myspring-jms-queue-consumer\target\classes\spring\spring-jms.xml]
2017-05-09 15:12:31,577 INFO [org.springframework.context.support.PropertySourcesPlaceholderConfigurer] - Loading properties file from file [E:\eclipse_workspace\simplework\myspring\myspring-jms-queue-consumer\target\classes\config\activemq.properties]
2017-05-09 15:12:31,701 INFO [org.springframework.context.support.DefaultLifecycleProcessor] - Starting beans in phase 2147483647
2017-05-09 15:12:31,891 INFO [org.springframework.jms.connection.SingleConnectionFactory] - Established shared JMS Connection: ActiveMQConnection {id=ID:mldn-PC-59007-1494313951767-1:1,clientId=null,started=false}
2017-05-09 15:44:30,205 INFO [org.springframework.context.support.ClassPathXmlApplicationContext] - Refreshing org.springframework.context.support.ClassPathXmlApplicationContext@1c655221: startup date [Tue May 09 15:44:30 CST 2017]; root of context hierarchy
2017-05-09 15:44:30,250 INFO [org.springframework.beans.factory.xml.XmlBeanDefinitionReader] - Loading XML bean definitions from file [E:\eclipse_workspace\simplework\myspring\myspring-jms-queue-consumer\target\classes\spring\spring-jms.xml]
2017-05-09 15:44:30,514 WARN [org.springframework.context.support.ClassPathXmlApplicationContext] - Exception encountered during context initialization - cancelling refresh attempt: org.springframework.beans.factory.BeanDefinitionStoreException: Failed to parse configuration class [cn.mldn.myspring.jms.queue.consumer.service.ConsumerMessageListener]; nested exception is java.io.FileNotFoundException: class path resource [config/*.properties] cannot be opened because it does not exist
2017-05-09 15:45:10,612 INFO [org.springframework.context.support.ClassPathXmlApplicationContext] - Refreshing org.springframework.context.support.ClassPathXmlApplicationContext@1c655221: startup date [Tue May 09 15:45:10 CST 2017]; root of context hierarchy
2017-05-09 15:45:10,686 INFO [org.springframework.beans.factory.xml.XmlBeanDefinitionReader] - Loading XML bean definitions from file [E:\eclipse_workspace\simplework\myspring\myspring-jms-queue-consumer\target\classes\spring\spring-jms.xml]
2017-05-09 15:45:10,941 WARN [org.springframework.context.support.ClassPathXmlApplicationContext] - Exception encountered during context initialization - cancelling refresh attempt: org.springframework.beans.factory.BeanDefinitionStoreException: Failed to parse configuration class [cn.mldn.myspring.jms.queue.consumer.service.ConsumerMessageListener]; nested exception is java.io.FileNotFoundException: class path resource [config/*.properties] cannot be opened because it does not exist
2017-05-09 15:45:25,151 INFO [org.springframework.context.support.ClassPathXmlApplicationContext] - Refreshing org.springframework.context.support.ClassPathXmlApplicationContext@1c655221: startup date [Tue May 09 15:45:25 CST 2017]; root of context hierarchy
2017-05-09 15:45:25,203 INFO [org.springframework.beans.factory.xml.XmlBeanDefinitionReader] - Loading XML bean definitions from file [E:\eclipse_workspace\simplework\myspring\myspring-jms-queue-consumer\target\classes\spring\spring-jms.xml]
2017-05-09 15:45:25,488 INFO [org.springframework.context.support.PropertySourcesPlaceholderConfigurer] - Loading properties file from file [E:\eclipse_workspace\simplework\myspring\myspring-jms-queue-consumer\target\classes\config\activemq.properties]
2017-05-09 15:45:25,626 INFO [org.springframework.context.support.DefaultLifecycleProcessor] - Starting beans in phase 2147483647
2017-05-09 15:45:25,808 INFO [org.springframework.jms.connection.SingleConnectionFactory] - Established shared JMS Connection: ActiveMQConnection {id=ID:mldn-PC-59358-1494315925685-1:1,clientId=null,started=false}
2017-05-09 15:47:44,866 INFO [org.springframework.context.support.ClassPathXmlApplicationContext] - Refreshing org.springframework.context.support.ClassPathXmlApplicationContext@1c655221: startup date [Tue May 09 15:47:44 CST 2017]; root of context hierarchy
2017-05-09 15:47:44,917 INFO [org.springframework.beans.factory.xml.XmlBeanDefinitionReader] - Loading XML bean definitions from file [E:\eclipse_workspace\simplework\myspring\myspring-jms-queue-consumer\target\classes\spring\spring-jms.xml]
2017-05-09 15:47:45,257 INFO [org.springframework.context.support.PropertySourcesPlaceholderConfigurer] - Loading properties file from file [E:\eclipse_workspace\simplework\myspring\myspring-jms-queue-consumer\target\classes\config\activemq.properties]
2017-05-09 15:47:45,349 WARN [org.springframework.context.support.ClassPathXmlApplicationContext] - Exception encountered during context initialization - cancelling refresh attempt: org.springframework.beans.factory.BeanCreationException: Error creating bean with name 'jmsContainer' defined in file [E:\eclipse_workspace\simplework\myspring\myspring-jms-queue-consumer\target\classes\spring\spring-jms.xml]: Cannot resolve reference to bean 'destination' while setting bean property 'destination'; nested exception is org.springframework.beans.factory.NoSuchBeanDefinitionException: No bean named 'destination' is defined
2017-05-09 15:48:22,162 INFO [org.springframework.context.support.ClassPathXmlApplicationContext] - Refreshing org.springframework.context.support.ClassPathXmlApplicationContext@1c655221: startup date [Tue May 09 15:48:22 CST 2017]; root of context hierarchy
2017-05-09 15:48:22,207 INFO [org.springframework.beans.factory.xml.XmlBeanDefinitionReader] - Loading XML bean definitions from file [E:\eclipse_workspace\simplework\myspring\myspring-jms-queue-consumer\target\classes\spring\spring-jms.xml]
2017-05-09 15:48:22,561 INFO [org.springframework.context.support.PropertySourcesPlaceholderConfigurer] - Loading properties file from file [E:\eclipse_workspace\simplework\myspring\myspring-jms-queue-consumer\target\classes\config\activemq.properties]
2017-05-09 15:48:22,687 INFO [org.springframework.context.support.DefaultLifecycleProcessor] - Starting beans in phase 2147483647
2017-05-09 15:48:22,869 INFO [org.springframework.jms.connection.SingleConnectionFactory] - Established shared JMS Connection: ActiveMQConnection {id=ID:mldn-PC-59382-1494316102746-1:1,clientId=null,started=false}
2017-05-09 16:12:43,442 INFO [org.springframework.context.support.ClassPathXmlApplicationContext] - Refreshing org.springframework.context.support.ClassPathXmlApplicationContext@1c655221: startup date [Tue May 09 16:12:43 CST 2017]; root of context hierarchy
2017-05-09 16:12:43,487 INFO [org.springframework.beans.factory.xml.XmlBeanDefinitionReader] - Loading XML bean definitions from file [E:\eclipse_workspace\simplework\myspring\myspring-jms-queue-consumer\target\classes\spring\spring-jms.xml]
2017-05-09 16:12:43,773 INFO [org.springframework.context.support.PropertySourcesPlaceholderConfigurer] - Loading properties file from file [E:\eclipse_workspace\simplework\myspring\myspring-jms-queue-consumer\target\classes\config\activemq.properties]
2017-05-09 16:12:43,878 INFO [org.springframework.context.support.DefaultLifecycleProcessor] - Starting beans in phase 2147483647
2017-05-09 16:12:44,057 INFO [org.springframework.jms.connection.SingleConnectionFactory] - Established shared JMS Connection: ActiveMQConnection {id=ID:mldn-PC-59704-1494317563935-1:1,clientId=null,started=false}
2017-05-09 16:26:48,370 INFO [org.springframework.context.support.ClassPathXmlApplicationContext] - Refreshing org.springframework.context.support.ClassPathXmlApplicationContext@1c655221: startup date [Tue May 09 16:26:48 CST 2017]; root of context hierarchy
2017-05-09 16:26:48,417 INFO [org.springframework.beans.factory.xml.XmlBeanDefinitionReader] - Loading XML bean definitions from file [E:\eclipse_workspace\simplework\myspring\myspring-jms-queue-consumer\target\classes\spring\spring-jms.xml]
2017-05-09 16:26:48,715 INFO [org.springframework.context.support.PropertySourcesPlaceholderConfigurer] - Loading properties file from file [E:\eclipse_workspace\simplework\myspring\myspring-jms-queue-consumer\target\classes\config\activemq.properties]
2017-05-09 16:26:48,856 INFO [org.springframework.context.support.DefaultLifecycleProcessor] - Starting beans in phase 2147483647
2017-05-09 16:26:49,070 INFO [org.springframework.jms.connection.SingleConnectionFactory] - Established shared JMS Connection: ActiveMQConnection {id=ID:mldn-PC-60300-1494318408945-1:1,clientId=null,started=false}
2017-05-09 16:27:57,557 INFO [org.springframework.context.support.ClassPathXmlApplicationContext] - Refreshing org.springframework.context.support.ClassPathXmlApplicationContext@1c655221: startup date [Tue May 09 16:27:57 CST 2017]; root of context hierarchy
2017-05-09 16:27:57,603 INFO [org.springframework.beans.factory.xml.XmlBeanDefinitionReader] - Loading XML bean definitions from file [E:\eclipse_workspace\simplework\myspring\myspring-jms-queue-consumer\target\classes\spring\spring-jms.xml]
2017-05-09 16:27:57,883 INFO [org.springframework.context.support.PropertySourcesPlaceholderConfigurer] - Loading properties file from file [E:\eclipse_workspace\simplework\myspring\myspring-jms-queue-consumer\target\classes\config\activemq.properties]
2017-05-09 16:27:57,989 INFO [org.springframework.context.support.DefaultLifecycleProcessor] - Starting beans in phase 2147483647
2017-05-09 16:27:58,173 INFO [org.springframework.jms.connection.SingleConnectionFactory] - Established shared JMS Connection: ActiveMQConnection {id=ID:mldn-PC-60518-1494318478050-1:1,clientId=null,started=false}
2017-05-09 16:37:14,926 INFO [org.springframework.context.support.ClassPathXmlApplicationContext] - Refreshing org.springframework.context.support.ClassPathXmlApplicationContext@1c655221: startup date [Tue May 09 16:37:14 CST 2017]; root of context hierarchy
2017-05-09 16:37:14,970 INFO [org.springframework.beans.factory.xml.XmlBeanDefinitionReader] - Loading XML bean definitions from file [E:\eclipse_workspace\simplework\myspring\myspring-jms-queue-consumer\target\classes\spring\spring-jms.xml]
2017-05-09 16:37:15,315 INFO [org.springframework.context.support.PropertySourcesPlaceholderConfigurer] - Loading properties file from file [E:\eclipse_workspace\simplework\myspring\myspring-jms-queue-consumer\target\classes\config\activemq.properties]
2017-05-09 16:37:15,425 INFO [org.springframework.context.support.DefaultLifecycleProcessor] - Starting beans in phase 2147483647
2017-05-09 16:37:15,605 INFO [org.springframework.jms.connection.SingleConnectionFactory] - Established shared JMS Connection: ActiveMQConnection {id=ID:mldn-PC-60988-1494319035484-1:1,clientId=null,started=false}
2017-05-09 16:37:29,894 INFO [org.springframework.context.support.ClassPathXmlApplicationContext] - Refreshing org.springframework.context.support.ClassPathXmlApplicationContext@1c655221: startup date [Tue May 09 16:37:29 CST 2017]; root of context hierarchy
2017-05-09 16:37:29,938 INFO [org.springframework.beans.factory.xml.XmlBeanDefinitionReader] - Loading XML bean definitions from file [E:\eclipse_workspace\simplework\myspring\myspring-jms-queue-consumer\target\classes\spring\spring-jms.xml]
2017-05-09 16:37:30,281 INFO [org.springframework.context.support.PropertySourcesPlaceholderConfigurer] - Loading properties file from file [E:\eclipse_workspace\simplework\myspring\myspring-jms-queue-consumer\target\classes\config\activemq.properties]
2017-05-09 16:37:30,389 INFO [org.springframework.context.support.DefaultLifecycleProcessor] - Starting beans in phase 2147483647
2017-05-09 16:37:30,572 INFO [org.springframework.jms.connection.SingleConnectionFactory] - Established shared JMS Connection: ActiveMQConnection {id=ID:mldn-PC-60994-1494319050449-1:1,clientId=null,started=false}
2017-05-09 16:37:42,403 INFO [org.springframework.context.support.ClassPathXmlApplicationContext] - Refreshing org.springframework.context.support.ClassPathXmlApplicationContext@1c655221: startup date [Tue May 09 16:37:42 CST 2017]; root of context hierarchy
2017-05-09 16:37:42,449 INFO [org.springframework.beans.factory.xml.XmlBeanDefinitionReader] - Loading XML bean definitions from file [E:\eclipse_workspace\simplework\myspring\myspring-jms-queue-consumer\target\classes\spring\spring-jms.xml]
2017-05-09 16:37:42,708 WARN [org.springframework.context.support.ClassPathXmlApplicationContext] - Exception encountered during context initialization - cancelling refresh attempt: org.springframework.beans.factory.BeanDefinitionStoreException: Failed to parse configuration class [cn.mldn.myspring.jms.queue.consumer.config.MyConfig]; nested exception is java.io.FileNotFoundException: class path resource [config/*.properties] cannot be opened because it does not exist
2017-05-09 16:37:50,034 INFO [org.springframework.context.support.ClassPathXmlApplicationContext] - Refreshing org.springframework.context.support.ClassPathXmlApplicationContext@1c655221: startup date [Tue May 09 16:37:50 CST 2017]; root of context hierarchy
2017-05-09 16:37:50,079 INFO [org.springframework.beans.factory.xml.XmlBeanDefinitionReader] - Loading XML bean definitions from file [E:\eclipse_workspace\simplework\myspring\myspring-jms-queue-consumer\target\classes\spring\spring-jms.xml]
2017-05-09 16:37:50,336 WARN [org.springframework.context.support.ClassPathXmlApplicationContext] - Exception encountered during context initialization - cancelling refresh attempt: org.springframework.beans.factory.BeanDefinitionStoreException: Failed to parse configuration class [cn.mldn.myspring.jms.queue.consumer.config.MyConfig]; nested exception is java.io.FileNotFoundException: class path resource [config/*.properties] cannot be opened because it does not exist
2017-05-09 16:37:59,818 INFO [org.springframework.context.support.ClassPathXmlApplicationContext] - Refreshing org.springframework.context.support.ClassPathXmlApplicationContext@1c655221: startup date [Tue May 09 16:37:59 CST 2017]; root of context hierarchy
2017-05-09 16:37:59,862 INFO [org.springframework.beans.factory.xml.XmlBeanDefinitionReader] - Loading XML bean definitions from file [E:\eclipse_workspace\simplework\myspring\myspring-jms-queue-consumer\target\classes\spring\spring-jms.xml]
2017-05-09 16:38:00,125 WARN [org.springframework.context.support.ClassPathXmlApplicationContext] - Exception encountered during context initialization - cancelling refresh attempt: org.springframework.beans.factory.BeanDefinitionStoreException: Failed to parse configuration class [cn.mldn.myspring.jms.queue.consumer.config.MyConfig]; nested exception is java.io.FileNotFoundException: class path resource [config/*.properties] cannot be opened because it does not exist
2017-05-09 16:38:12,775 INFO [org.springframework.context.support.ClassPathXmlApplicationContext] - Refreshing org.springframework.context.support.ClassPathXmlApplicationContext@1c655221: startup date [Tue May 09 16:38:12 CST 2017]; root of context hierarchy
2017-05-09 16:38:12,819 INFO [org.springframework.beans.factory.xml.XmlBeanDefinitionReader] - Loading XML bean definitions from file [E:\eclipse_workspace\simplework\myspring\myspring-jms-queue-consumer\target\classes\spring\spring-jms.xml]
2017-05-09 16:38:13,163 INFO [org.springframework.context.support.PropertySourcesPlaceholderConfigurer] - Loading properties file from file [E:\eclipse_workspace\simplework\myspring\myspring-jms-queue-consumer\target\classes\config\activemq.properties]
2017-05-09 16:38:13,272 INFO [org.springframework.context.support.DefaultLifecycleProcessor] - Starting beans in phase 2147483647
2017-05-09 16:38:13,453 INFO [org.springframework.jms.connection.SingleConnectionFactory] - Established shared JMS Connection: ActiveMQConnection {id=ID:mldn-PC-61015-1494319093331-1:1,clientId=null,started=false}
2017-05-09 16:38:40,171 INFO [org.springframework.context.support.ClassPathXmlApplicationContext] - Refreshing org.springframework.context.support.ClassPathXmlApplicationContext@1c655221: startup date [Tue May 09 16:38:40 CST 2017]; root of context hierarchy
2017-05-09 16:38:40,215 INFO [org.springframework.beans.factory.xml.XmlBeanDefinitionReader] - Loading XML bean definitions from file [E:\eclipse_workspace\simplework\myspring\myspring-jms-queue-consumer\target\classes\spring\spring-jms.xml]
2017-05-09 16:38:40,567 INFO [org.springframework.context.support.PropertySourcesPlaceholderConfigurer] - Loading properties file from file [E:\eclipse_workspace\simplework\myspring\myspring-jms-queue-consumer\target\classes\config\activemq.properties]
2017-05-09 16:38:40,694 INFO [org.springframework.context.support.DefaultLifecycleProcessor] - Starting beans in phase 2147483647
2017-05-09 16:38:40,894 INFO [org.springframework.jms.connection.SingleConnectionFactory] - Established shared JMS Connection: ActiveMQConnection {id=ID:mldn-PC-61024-1494319120772-1:1,clientId=null,started=false}
2017-05-09 16:41:07,359 INFO [org.springframework.context.support.ClassPathXmlApplicationContext] - Refreshing org.springframework.context.support.ClassPathXmlApplicationContext@1c655221: startup date [Tue May 09 16:41:07 CST 2017]; root of context hierarchy
2017-05-09 16:41:07,404 INFO [org.springframework.beans.factory.xml.XmlBeanDefinitionReader] - Loading XML bean definitions from file [E:\eclipse_workspace\simplework\myspring\myspring-jms-queue-consumer\target\classes\spring\spring-jms.xml]
2017-05-09 16:41:07,754 INFO [org.springframework.context.support.PropertySourcesPlaceholderConfigurer] - Loading properties file from file [E:\eclipse_workspace\simplework\myspring\myspring-jms-queue-consumer\target\classes\config\activemq.properties]
2017-05-09 16:41:07,881 INFO [org.springframework.context.support.DefaultLifecycleProcessor] - Starting beans in phase 2147483647
2017-05-09 16:41:08,064 INFO [org.springframework.jms.connection.SingleConnectionFactory] - Established shared JMS Connection: ActiveMQConnection {id=ID:mldn-PC-61083-1494319267940-1:1,clientId=null,started=false}
2017-05-09 16:45:45,440 INFO [org.springframework.context.support.ClassPathXmlApplicationContext] - Refreshing org.springframework.context.support.ClassPathXmlApplicationContext@1c655221: startup date [Tue May 09 16:45:45 CST 2017]; root of context hierarchy
2017-05-09 16:45:45,485 INFO [org.springframework.beans.factory.xml.XmlBeanDefinitionReader] - Loading XML bean definitions from file [E:\eclipse_workspace\simplework\myspring\myspring-jms-queue-consumer\target\classes\spring\spring-jms.xml]
2017-05-09 16:45:45,836 INFO [org.springframework.context.support.PropertySourcesPlaceholderConfigurer] - Loading properties file from file [E:\eclipse_workspace\simplework\myspring\myspring-jms-queue-consumer\target\classes\config\activemq.properties]
2017-05-09 16:45:45,958 INFO [org.springframework.context.support.DefaultLifecycleProcessor] - Starting beans in phase 2147483647
2017-05-09 16:45:46,141 INFO [org.springframework.jms.connection.SingleConnectionFactory] - Established shared JMS Connection: ActiveMQConnection {id=ID:mldn-PC-61183-1494319546017-1:1,clientId=null,started=false}
2017-05-09 16:46:07,279 INFO [org.springframework.context.support.ClassPathXmlApplicationContext] - Refreshing org.springframework.context.support.ClassPathXmlApplicationContext@1c655221: startup date [Tue May 09 16:46:07 CST 2017]; root of context hierarchy
2017-05-09 16:46:07,325 INFO [org.springframework.beans.factory.xml.XmlBeanDefinitionReader] - Loading XML bean definitions from file [E:\eclipse_workspace\simplework\myspring\myspring-jms-queue-consumer\target\classes\spring\spring-jms.xml]
2017-05-09 16:46:07,622 INFO [org.springframework.context.support.PropertySourcesPlaceholderConfigurer] - Loading properties file from file [E:\eclipse_workspace\simplework\myspring\myspring-jms-queue-consumer\target\classes\config\activemq.properties]
2017-05-09 16:46:07,734 INFO [org.springframework.context.support.DefaultLifecycleProcessor] - Starting beans in phase 2147483647
2017-05-09 16:46:07,925 INFO [org.springframework.jms.connection.SingleConnectionFactory] - Established shared JMS Connection: ActiveMQConnection {id=ID:mldn-PC-61196-1494319567802-1:1,clientId=null,started=false}
2017-05-09 16:49:44,225 INFO [org.springframework.context.support.ClassPathXmlApplicationContext] - Refreshing org.springframework.context.support.ClassPathXmlApplicationContext@1c655221: startup date [Tue May 09 16:49:44 CST 2017]; root of context hierarchy
2017-05-09 16:49:44,271 INFO [org.springframework.beans.factory.xml.XmlBeanDefinitionReader] - Loading XML bean definitions from file [E:\eclipse_workspace\simplework\myspring\myspring-jms-queue-consumer\target\classes\spring\spring-jms.xml]
2017-05-09 16:49:44,563 INFO [org.springframework.context.support.PropertySourcesPlaceholderConfigurer] - Loading properties file from file [E:\eclipse_workspace\simplework\myspring\myspring-jms-queue-consumer\target\classes\config\activemq.properties]
2017-05-09 16:49:44,670 INFO [org.springframework.context.support.DefaultLifecycleProcessor] - Starting beans in phase 2147483647
2017-05-09 16:49:44,865 INFO [org.springframework.jms.connection.SingleConnectionFactory] - Established shared JMS Connection: ActiveMQConnection {id=ID:mldn-PC-61246-1494319784745-1:1,clientId=null,started=false}
2017-05-09 16:52:12,393 INFO [org.springframework.context.support.ClassPathXmlApplicationContext] - Refreshing org.springframework.context.support.ClassPathXmlApplicationContext@1c655221: startup date [Tue May 09 16:52:12 CST 2017]; root of context hierarchy
2017-05-09 16:52:12,437 INFO [org.springframework.beans.factory.xml.XmlBeanDefinitionReader] - Loading XML bean definitions from file [E:\eclipse_workspace\simplework\myspring\myspring-jms-queue-consumer\target\classes\spring\spring-jms.xml]
2017-05-09 16:52:12,715 INFO [org.springframework.context.support.PropertySourcesPlaceholderConfigurer] - Loading properties file from file [E:\eclipse_workspace\simplework\myspring\myspring-jms-queue-consumer\target\classes\config\activemq.properties]
2017-05-09 16:52:12,834 INFO [org.springframework.context.support.DefaultLifecycleProcessor] - Starting beans in phase 2147483647
2017-05-09 16:52:13,015 INFO [org.springframework.jms.connection.SingleConnectionFactory] - Established shared JMS Connection: ActiveMQConnection {id=ID:mldn-PC-61283-1494319932892-1:1,clientId=null,started=false}
2017-05-09 16:53:44,134 INFO [org.springframework.context.support.ClassPathXmlApplicationContext] - Refreshing org.springframework.context.support.ClassPathXmlApplicationContext@1c655221: startup date [Tue May 09 16:53:44 CST 2017]; root of context hierarchy
2017-05-09 16:53:44,181 INFO [org.springframework.beans.factory.xml.XmlBeanDefinitionReader] - Loading XML bean definitions from file [E:\eclipse_workspace\simplework\myspring\myspring-jms-queue-consumer\target\classes\spring\spring-jms.xml]
2017-05-09 16:53:44,482 INFO [org.springframework.context.support.PropertySourcesPlaceholderConfigurer] - Loading properties file from file [E:\eclipse_workspace\simplework\myspring\myspring-jms-queue-consumer\target\classes\config\activemq.properties]
2017-05-09 16:53:44,605 INFO [org.springframework.context.support.DefaultLifecycleProcessor] - Starting beans in phase 2147483647
2017-05-09 16:53:44,794 INFO [org.springframework.jms.connection.SingleConnectionFactory] - Established shared JMS Connection: ActiveMQConnection {id=ID:mldn-PC-61333-1494320024672-1:1,clientId=null,started=false}
2017-05-09 16:54:52,308 INFO [org.springframework.context.support.ClassPathXmlApplicationContext] - Refreshing org.springframework.context.support.ClassPathXmlApplicationContext@1c655221: startup date [Tue May 09 16:54:52 CST 2017]; root of context hierarchy
2017-05-09 16:54:52,352 INFO [org.springframework.beans.factory.xml.XmlBeanDefinitionReader] - Loading XML bean definitions from file [E:\eclipse_workspace\simplework\myspring\myspring-jms-queue-consumer\target\classes\spring\spring-jms.xml]
2017-05-09 16:54:52,627 INFO [org.springframework.context.support.PropertySourcesPlaceholderConfigurer] - Loading properties file from file [E:\eclipse_workspace\simplework\myspring\myspring-jms-queue-consumer\target\classes\config\activemq.properties]
2017-05-09 16:54:52,731 INFO [org.springframework.context.support.DefaultLifecycleProcessor] - Starting beans in phase 2147483647
2017-05-09 16:54:52,912 INFO [org.springframework.jms.connection.SingleConnectionFactory] - Established shared JMS Connection: ActiveMQConnection {id=ID:mldn-PC-61364-1494320092789-1:1,clientId=null,started=false}
2017-05-09 16:55:02,119 INFO [org.springframework.context.support.ClassPathXmlApplicationContext] - Refreshing org.springframework.context.support.ClassPathXmlApplicationContext@1c655221: startup date [Tue May 09 16:55:02 CST 2017]; root of context hierarchy
2017-05-09 16:55:02,164 INFO [org.springframework.beans.factory.xml.XmlBeanDefinitionReader] - Loading XML bean definitions from file [E:\eclipse_workspace\simplework\myspring\myspring-jms-queue-consumer\target\classes\spring\spring-jms.xml]
2017-05-09 16:55:02,492 INFO [org.springframework.context.support.PropertySourcesPlaceholderConfigurer] - Loading properties file from file [E:\eclipse_workspace\simplework\myspring\myspring-jms-queue-consumer\target\classes\config\activemq.properties]
2017-05-09 16:55:02,609 INFO [org.springframework.context.support.DefaultLifecycleProcessor] - Starting beans in phase 2147483647
2017-05-09 16:55:02,806 INFO [org.springframework.jms.connection.SingleConnectionFactory] - Established shared JMS Connection: ActiveMQConnection {id=ID:mldn-PC-61368-1494320102682-1:1,clientId=null,started=false}
2017-05-09 16:55:13,947 INFO [org.springframework.context.support.ClassPathXmlApplicationContext] - Refreshing org.springframework.context.support.ClassPathXmlApplicationContext@1c655221: startup date [Tue May 09 16:55:13 CST 2017]; root of context hierarchy
2017-05-09 16:55:13,991 INFO [org.springframework.beans.factory.xml.XmlBeanDefinitionReader] - Loading XML bean definitions from file [E:\eclipse_workspace\simplework\myspring\myspring-jms-queue-consumer\target\classes\spring\spring-jms.xml]
2017-05-09 16:55:14,272 INFO [org.springframework.context.support.PropertySourcesPlaceholderConfigurer] - Loading properties file from file [E:\eclipse_workspace\simplework\myspring\myspring-jms-queue-consumer\target\classes\config\activemq.properties]
2017-05-09 16:55:14,377 INFO [org.springframework.context.support.DefaultLifecycleProcessor] - Starting beans in phase 2147483647
2017-05-09 16:55:14,558 INFO [org.springframework.jms.connection.SingleConnectionFactory] - Established shared JMS Connection: ActiveMQConnection {id=ID:mldn-PC-61373-1494320114436-1:1,clientId=null,started=false}
2017-05-10 01:47:29,965 INFO [org.springframework.context.support.ClassPathXmlApplicationContext] - Refreshing org.springframework.context.support.ClassPathXmlApplicationContext@1b701da1: startup date [Wed May 10 01:47:29 CST 2017]; root of context hierarchy
2017-05-10 01:47:30,027 INFO [org.springframework.beans.factory.xml.XmlBeanDefinitionReader] - Loading XML bean definitions from file [F:\笔记-PDF\1002_Spring开发框架\myspring\myspring-jms-queue-consumer\target\classes\spring\spring-jms.xml]
2017-05-10 01:47:30,355 INFO [org.springframework.context.support.PropertySourcesPlaceholderConfigurer] - Loading properties file from file [F:\笔记-PDF\1002_Spring开发框架\myspring\myspring-jms-queue-consumer\target\classes\config\activemq.properties]
2017-05-10 01:47:30,526 INFO [org.springframework.context.support.DefaultLifecycleProcessor] - Starting beans in phase 2147483647
